C:\Program Files (x86)\MSBuild\Microsoft.Cpp\v4.0\V120\Microsoft.CppBuild.targets(381,5): warning MSB8028: The intermediate directory (Debug\) contains files shared from another project (ballDroppingSim.vcxproj, Falling Particle Simulator.vcxproj).  This can lead to incorrect clean and rebuild behavior.
  Source.cpp
c:\users\dink\documents\visual studio 2013\projects\fallballsimulation\fallballsimuation\source.cpp(31): warning C4244: 'argument' : conversion from 'time_t' to 'unsigned int', possible loss of data
  ball.cpp
c:\users\dink\documents\visual studio 2013\projects\fallballsimulation\fallballsimuation\ball.cpp(13): warning C4305: 'initializing' : truncation from 'double' to 'const float'
c:\users\dink\documents\visual studio 2013\projects\fallballsimulation\fallballsimuation\ball.cpp(19): warning C4244: '=' : conversion from 'clock_t' to 'float', possible loss of data
c:\users\dink\documents\visual studio 2013\projects\fallballsimulation\fallballsimuation\ball.cpp(20): warning C4244: '=' : conversion from 'clock_t' to 'float', possible loss of data
c:\users\dink\documents\visual studio 2013\projects\fallballsimulation\fallballsimuation\ball.cpp(21): warning C4244: 'argument' : conversion from 'time_t' to 'unsigned int', possible loss of data
c:\users\dink\documents\visual studio 2013\projects\fallballsimulation\fallballsimuation\ball.cpp(22): warning C4244: '=' : conversion from 'int' to 'float', possible loss of data
c:\users\dink\documents\visual studio 2013\projects\fallballsimulation\fallballsimuation\ball.cpp(23): warning C4244: '=' : conversion from 'double' to 'float', possible loss of data
c:\users\dink\documents\visual studio 2013\projects\fallballsimulation\fallballsimuation\ball.cpp(44): warning C4244: '=' : conversion from 'clock_t' to 'float', possible loss of data
c:\users\dink\documents\visual studio 2013\projects\fallballsimulation\fallballsimuation\ball.cpp(45): warning C4244: '=' : conversion from 'clock_t' to 'float', possible loss of data
c:\users\dink\documents\visual studio 2013\projects\fallballsimulation\fallballsimuation\ball.cpp(54): warning C4244: '=' : conversion from 'double' to 'float', possible loss of data
c:\users\dink\documents\visual studio 2013\projects\fallballsimulation\fallballsimuation\ball.cpp(56): warning C4244: '=' : conversion from 'double' to 'float', possible loss of data
c:\users\dink\documents\visual studio 2013\projects\fallballsimulation\fallballsimuation\ball.cpp(62): warning C4244: '=' : conversion from 'double' to 'float', possible loss of data
c:\users\dink\documents\visual studio 2013\projects\fallballsimulation\fallballsimuation\ball.cpp(66): warning C4244: '=' : conversion from 'clock_t' to 'float', possible loss of data
c:\users\dink\documents\visual studio 2013\projects\fallballsimulation\fallballsimuation\ball.cpp(67): warning C4244: '=' : conversion from 'clock_t' to 'float', possible loss of data
c:\users\dink\documents\visual studio 2013\projects\fallballsimulation\fallballsimuation\ball.cpp(71): warning C4244: '=' : conversion from 'double' to 'float', possible loss of data
c:\users\dink\documents\visual studio 2013\projects\fallballsimulation\fallballsimuation\ball.cpp(72): warning C4244: '=' : conversion from 'double' to 'float', possible loss of data
c:\users\dink\documents\visual studio 2013\projects\fallballsimulation\fallballsimuation\ball.cpp(75): warning C4244: '=' : conversion from 'clock_t' to 'float', possible loss of data
c:\users\dink\documents\visual studio 2013\projects\fallballsimulation\fallballsimuation\ball.cpp(80): warning C4305: '*=' : truncation from 'double' to 'float'
c:\users\dink\documents\visual studio 2013\projects\fallballsimulation\fallballsimuation\ball.cpp(82): warning C4244: '=' : conversion from 'double' to 'float', possible loss of data
c:\users\dink\documents\visual studio 2013\projects\fallballsimulation\fallballsimuation\ball.cpp(90): warning C4244: '=' : conversion from 'double' to 'float', possible loss of data
  Generating Code...
  ballDroppingSim.vcxproj -> C:\Users\Dink\Documents\Visual Studio 2013\Projects\FallBallSimulation\FallBallSimuation\Debug\Fall Ball Simulator.exe
